2024-04-04 10:00:08,212 INFO o.a.j.u.JMeterUtils: Setting Locale to en_EN
2024-04-04 10:00:08,409 INFO o.a.j.JMeter: Loading user properties from: user.properties
2024-04-04 10:00:08,439 INFO o.a.j.JMeter: Loading system properties from: system.properties
2024-04-04 10:00:08,458 INFO o.a.j.JMeter: Copyright (c) 1998-2024 The Apache Software Foundation
2024-04-04 10:00:08,458 INFO o.a.j.JMeter: Version 5.6.3
2024-04-04 10:00:08,458 INFO o.a.j.JMeter: java.version=21.0.2
2024-04-04 10:00:08,460 INFO o.a.j.JMeter: java.vm.name=Java HotSpot(TM) 64-Bit Server VM
2024-04-04 10:00:08,460 INFO o.a.j.JMeter: os.name=Windows 11
2024-04-04 10:00:08,460 INFO o.a.j.JMeter: os.arch=amd64
2024-04-04 10:00:08,460 INFO o.a.j.JMeter: os.version=10.0
2024-04-04 10:00:08,460 INFO o.a.j.JMeter: file.encoding=UTF-8
2024-04-04 10:00:08,460 INFO o.a.j.JMeter: java.awt.headless=null
2024-04-04 10:00:08,460 INFO o.a.j.JMeter: Max memory     =1073741824
2024-04-04 10:00:08,460 INFO o.a.j.JMeter: Available Processors =4
2024-04-04 10:00:08,511 INFO o.a.j.JMeter: Default Locale=English (EN)
2024-04-04 10:00:08,512 INFO o.a.j.JMeter: JMeter  Locale=English (EN)
2024-04-04 10:00:08,512 INFO o.a.j.JMeter: JMeterHome=F:\D\apache-jmeter-5.6.3\apache-jmeter-5.6.3
2024-04-04 10:00:08,512 INFO o.a.j.JMeter: user.dir  =F:\D\apache-jmeter-5.6.3\apache-jmeter-5.6.3\bin
2024-04-04 10:00:08,512 INFO o.a.j.JMeter: PWD       =F:\D\apache-jmeter-5.6.3\apache-jmeter-5.6.3\bin
2024-04-04 10:00:08,518 INFO o.a.j.JMeter: IP: 192.168.104.142 Name: DESKTOP-6LVC8MF FullName: DESKTOP-6LVC8MF
2024-04-04 10:00:08,603 INFO o.a.j.JMeter: Loaded icon properties from org/apache/jmeter/images/icon.properties
2024-04-04 10:00:09,567 INFO o.a.j.JMeterGuiLauncher: Setting LAF to: laf:com.sun.java.swing.plaf.windows.WindowsClassicLookAndFeel
2024-04-04 10:00:13,565 INFO o.a.j.r.ClassFinder: Will scan jar F:\D\apache-jmeter-5.6.3\apache-jmeter-5.6.3\lib\ext\jmeter-plugins-manager-0.20.jar with filter ExtendsClassFilter [parents=[interface org.apache.jmeter.gui.action.Command], inner=false, contains=null, notContains=null]. Consider exposing JMeter plugins via META-INF/services, and add JMeter-Skip-Class-Scanning=true manifest attribute so JMeter can skip classfile scanning
2024-04-04 10:00:14,090 INFO o.a.j.r.ClassFinder: Will scan jar F:\D\apache-jmeter-5.6.3\apache-jmeter-5.6.3\lib\ext\jmeter-bzm-correlation-recorder-2.3.jar with filter ExtendsClassFilter [parents=[interface org.apache.jmeter.gui.action.Command], inner=false, contains=null, notContains=null]. Consider exposing JMeter plugins via META-INF/services, and add JMeter-Skip-Class-Scanning=true manifest attribute so JMeter can skip classfile scanning
2024-04-04 10:00:14,315 INFO o.a.j.r.ClassFinder: Will scan jar F:\D\apache-jmeter-5.6.3\apache-jmeter-5.6.3\lib\ext\jmeter-plugins-webdriver-4.13.0.0.jar with filter ExtendsClassFilter [parents=[interface org.apache.jmeter.gui.action.Command], inner=false, contains=null, notContains=null]. Consider exposing JMeter plugins via META-INF/services, and add JMeter-Skip-Class-Scanning=true manifest attribute so JMeter can skip classfile scanning
2024-04-04 10:00:14,490 INFO o.a.j.r.ClassFinder: Will scan jar F:\D\apache-jmeter-5.6.3\apache-jmeter-5.6.3\lib\ext\jmeter-plugins-senseuploader-3.5.jar with filter ExtendsClassFilter [parents=[interface org.apache.jmeter.gui.action.Command], inner=false, contains=null, notContains=null]. Consider exposing JMeter plugins via META-INF/services, and add JMeter-Skip-Class-Scanning=true manifest attribute so JMeter can skip classfile scanning
2024-04-04 10:00:14,532 INFO o.a.j.r.ClassFinder: Will scan jar F:\D\apache-jmeter-5.6.3\apache-jmeter-5.6.3\lib\ext\jmeter-plugins-random-csv-data-set-0.8.jar with filter ExtendsClassFilter [parents=[interface org.apache.jmeter.gui.action.Command], inner=false, contains=null, notContains=null]. Consider exposing JMeter plugins via META-INF/services, and add JMeter-Skip-Class-Scanning=true manifest attribute so JMeter can skip classfile scanning
2024-04-04 10:00:14,548 INFO o.a.j.r.ClassFinder: Will scan jar F:\D\apache-jmeter-5.6.3\apache-jmeter-5.6.3\lib\ext\jmeter-bzm-http2-2.0.5.jar with filter ExtendsClassFilter [parents=[interface org.apache.jmeter.gui.action.Command], inner=false, contains=null, notContains=null]. Consider exposing JMeter plugins via META-INF/services, and add JMeter-Skip-Class-Scanning=true manifest attribute so JMeter can skip classfile scanning
2024-04-04 10:00:14,693 INFO o.a.j.r.ClassFinder: Will scan jar F:\D\apache-jmeter-5.6.3\apache-jmeter-5.6.3\lib\ext\jmeter-plugins-casutg-2.10.jar with filter ExtendsClassFilter [parents=[interface org.apache.jmeter.gui.action.Command], inner=false, contains=null, notContains=null]. Consider exposing JMeter plugins via META-INF/services, and add JMeter-Skip-Class-Scanning=true manifest attribute so JMeter can skip classfile scanning
2024-04-04 10:00:14,738 INFO o.a.j.r.ClassFinder: Will scan jar F:\D\apache-jmeter-5.6.3\apache-jmeter-5.6.3\lib\ext\jmeter-plugins-perfmon-2.1.jar with filter ExtendsClassFilter [parents=[interface org.apache.jmeter.gui.action.Command], inner=false, contains=null, notContains=null]. Consider exposing JMeter plugins via META-INF/services, and add JMeter-Skip-Class-Scanning=true manifest attribute so JMeter can skip classfile scanning
2024-04-04 10:00:14,770 INFO o.a.j.r.ClassFinder: Will scan jar F:\D\apache-jmeter-5.6.3\apache-jmeter-5.6.3\lib\ext\jmeter-parallel-0.12.jar with filter ExtendsClassFilter [parents=[interface org.apache.jmeter.gui.action.Command], inner=false, contains=null, notContains=null]. Consider exposing JMeter plugins via META-INF/services, and add JMeter-Skip-Class-Scanning=true manifest attribute so JMeter can skip classfile scanning
2024-04-04 10:00:14,818 INFO o.a.j.r.ClassFinder: Will scan jar F:\D\apache-jmeter-5.6.3\apache-jmeter-5.6.3\lib\ext\CustomSoapSampler-1.3.3.jar with filter ExtendsClassFilter [parents=[interface org.apache.jmeter.gui.action.Command], inner=false, contains=null, notContains=null]. Consider exposing JMeter plugins via META-INF/services, and add JMeter-Skip-Class-Scanning=true manifest attribute so JMeter can skip classfile scanning
2024-04-04 10:00:14,864 INFO o.a.j.r.ClassFinder: Will scan jar F:\D\apache-jmeter-5.6.3\apache-jmeter-5.6.3\lib\ext\jmeter-plugins-manager-1.10.jar with filter ExtendsClassFilter [parents=[interface org.apache.jmeter.gui.action.Command], inner=false, contains=null, notContains=null]. Consider exposing JMeter plugins via META-INF/services, and add JMeter-Skip-Class-Scanning=true manifest attribute so JMeter can skip classfile scanning
2024-04-04 10:00:14,905 INFO o.a.j.r.ClassFinder: Will scan jar F:\D\apache-jmeter-5.6.3\apache-jmeter-5.6.3\lib\ext\jmeter-plugins-functions-2.2.jar with filter ExtendsClassFilter [parents=[interface org.apache.jmeter.gui.action.Command], inner=false, contains=null, notContains=null]. Consider exposing JMeter plugins via META-INF/services, and add JMeter-Skip-Class-Scanning=true manifest attribute so JMeter can skip classfile scanning
2024-04-04 10:00:14,920 INFO o.a.j.r.ClassFinder: Will scan jar F:\D\apache-jmeter-5.6.3\apache-jmeter-5.6.3\lib\ext\bzm-repositories-plugin-1.2.jar with filter ExtendsClassFilter [parents=[interface org.apache.jmeter.gui.action.Command], inner=false, contains=null, notContains=null]. Consider exposing JMeter plugins via META-INF/services, and add JMeter-Skip-Class-Scanning=true manifest attribute so JMeter can skip classfile scanning
2024-04-04 10:00:15,503 INFO o.a.j.r.ClassFinder: Will scan jar F:\D\apache-jmeter-5.6.3\apache-jmeter-5.6.3\lib\ext\jmeter-plugins-manager-0.20.jar with filter ExtendsClassFilter [parents=[interface org.apache.jmeter.gui.plugin.MenuCreator], inner=false, contains=null, notContains=null]. Consider exposing JMeter plugins via META-INF/services, and add JMeter-Skip-Class-Scanning=true manifest attribute so JMeter can skip classfile scanning
2024-04-04 10:00:15,506 INFO o.a.j.r.ClassFinder: Will scan jar F:\D\apache-jmeter-5.6.3\apache-jmeter-5.6.3\lib\ext\jmeter-bzm-correlation-recorder-2.3.jar with filter ExtendsClassFilter [parents=[interface org.apache.jmeter.gui.plugin.MenuCreator], inner=false, contains=null, notContains=null]. Consider exposing JMeter plugins via META-INF/services, and add JMeter-Skip-Class-Scanning=true manifest attribute so JMeter can skip classfile scanning
2024-04-04 10:00:15,509 INFO o.a.j.r.ClassFinder: Will scan jar F:\D\apache-jmeter-5.6.3\apache-jmeter-5.6.3\lib\ext\jmeter-plugins-webdriver-4.13.0.0.jar with filter ExtendsClassFilter [parents=[interface org.apache.jmeter.gui.plugin.MenuCreator], inner=false, contains=null, notContains=null]. Consider exposing JMeter plugins via META-INF/services, and add JMeter-Skip-Class-Scanning=true manifest attribute so JMeter can skip classfile scanning
2024-04-04 10:00:15,515 INFO o.a.j.r.ClassFinder: Will scan jar F:\D\apache-jmeter-5.6.3\apache-jmeter-5.6.3\lib\ext\jmeter-plugins-senseuploader-3.5.jar with filter ExtendsClassFilter [parents=[interface org.apache.jmeter.gui.plugin.MenuCreator], inner=false, contains=null, notContains=null]. Consider exposing JMeter plugins via META-INF/services, and add JMeter-Skip-Class-Scanning=true manifest attribute so JMeter can skip classfile scanning
2024-04-04 10:00:15,515 INFO o.a.j.r.ClassFinder: Will scan jar F:\D\apache-jmeter-5.6.3\apache-jmeter-5.6.3\lib\ext\jmeter-plugins-random-csv-data-set-0.8.jar with filter ExtendsClassFilter [parents=[interface org.apache.jmeter.gui.plugin.MenuCreator], inner=false, contains=null, notContains=null]. Consider exposing JMeter plugins via META-INF/services, and add JMeter-Skip-Class-Scanning=true manifest attribute so JMeter can skip classfile scanning
2024-04-04 10:00:15,515 INFO o.a.j.r.ClassFinder: Will scan jar F:\D\apache-jmeter-5.6.3\apache-jmeter-5.6.3\lib\ext\jmeter-bzm-http2-2.0.5.jar with filter ExtendsClassFilter [parents=[interface org.apache.jmeter.gui.plugin.MenuCreator], inner=false, contains=null, notContains=null]. Consider exposing JMeter plugins via META-INF/services, and add JMeter-Skip-Class-Scanning=true manifest attribute so JMeter can skip classfile scanning
2024-04-04 10:00:15,515 INFO o.a.j.r.ClassFinder: Will scan jar F:\D\apache-jmeter-5.6.3\apache-jmeter-5.6.3\lib\ext\jmeter-plugins-casutg-2.10.jar with filter ExtendsClassFilter [parents=[interface org.apache.jmeter.gui.plugin.MenuCreator], inner=false, contains=null, notContains=null]. Consider exposing JMeter plugins via META-INF/services, and add JMeter-Skip-Class-Scanning=true manifest attribute so JMeter can skip classfile scanning
2024-04-04 10:00:15,515 INFO o.a.j.r.ClassFinder: Will scan jar F:\D\apache-jmeter-5.6.3\apache-jmeter-5.6.3\lib\ext\jmeter-plugins-perfmon-2.1.jar with filter ExtendsClassFilter [parents=[interface org.apache.jmeter.gui.plugin.MenuCreator], inner=false, contains=null, notContains=null]. Consider exposing JMeter plugins via META-INF/services, and add JMeter-Skip-Class-Scanning=true manifest attribute so JMeter can skip classfile scanning
2024-04-04 10:00:15,525 INFO o.a.j.r.ClassFinder: Will scan jar F:\D\apache-jmeter-5.6.3\apache-jmeter-5.6.3\lib\ext\jmeter-parallel-0.12.jar with filter ExtendsClassFilter [parents=[interface org.apache.jmeter.gui.plugin.MenuCreator], inner=false, contains=null, notContains=null]. Consider exposing JMeter plugins via META-INF/services, and add JMeter-Skip-Class-Scanning=true manifest attribute so JMeter can skip classfile scanning
2024-04-04 10:00:15,525 INFO o.a.j.r.ClassFinder: Will scan jar F:\D\apache-jmeter-5.6.3\apache-jmeter-5.6.3\lib\ext\CustomSoapSampler-1.3.3.jar with filter ExtendsClassFilter [parents=[interface org.apache.jmeter.gui.plugin.MenuCreator], inner=false, contains=null, notContains=null]. Consider exposing JMeter plugins via META-INF/services, and add JMeter-Skip-Class-Scanning=true manifest attribute so JMeter can skip classfile scanning
2024-04-04 10:00:15,525 INFO o.a.j.r.ClassFinder: Will scan jar F:\D\apache-jmeter-5.6.3\apache-jmeter-5.6.3\lib\ext\jmeter-plugins-manager-1.10.jar with filter ExtendsClassFilter [parents=[interface org.apache.jmeter.gui.plugin.MenuCreator], inner=false, contains=null, notContains=null]. Consider exposing JMeter plugins via META-INF/services, and add JMeter-Skip-Class-Scanning=true manifest attribute so JMeter can skip classfile scanning
2024-04-04 10:00:15,531 INFO o.a.j.r.ClassFinder: Will scan jar F:\D\apache-jmeter-5.6.3\apache-jmeter-5.6.3\lib\ext\jmeter-plugins-functions-2.2.jar with filter ExtendsClassFilter [parents=[interface org.apache.jmeter.gui.plugin.MenuCreator], inner=false, contains=null, notContains=null]. Consider exposing JMeter plugins via META-INF/services, and add JMeter-Skip-Class-Scanning=true manifest attribute so JMeter can skip classfile scanning
2024-04-04 10:00:15,535 INFO o.a.j.r.ClassFinder: Will scan jar F:\D\apache-jmeter-5.6.3\apache-jmeter-5.6.3\lib\ext\bzm-repositories-plugin-1.2.jar with filter ExtendsClassFilter [parents=[interface org.apache.jmeter.gui.plugin.MenuCreator], inner=false, contains=null, notContains=null]. Consider exposing JMeter plugins via META-INF/services, and add JMeter-Skip-Class-Scanning=true manifest attribute so JMeter can skip classfile scanning
2024-04-04 10:00:15,906 WARN o.j.r.PluginManager: Found JAR conflict: F:\D\apache-jmeter-5.6.3\apache-jmeter-5.6.3\lib\checker-qual-3.42.0.jar and F:\D\apache-jmeter-5.6.3\apache-jmeter-5.6.3\lib\checker-qual-3.41.0.jar
2024-04-04 10:00:15,907 WARN o.j.r.PluginManager: Found JAR conflict: F:\D\apache-jmeter-5.6.3\apache-jmeter-5.6.3\lib\error_prone_annotations-2.24.0.jar and F:\D\apache-jmeter-5.6.3\apache-jmeter-5.6.3\lib\error_prone_annotations-2.23.0.jar
2024-04-04 10:00:15,907 WARN o.j.r.PluginManager: Found JAR conflict: F:\D\apache-jmeter-5.6.3\apache-jmeter-5.6.3\lib\jmeter-plugins-cmn-jmeter-0.7.jar and F:\D\apache-jmeter-5.6.3\apache-jmeter-5.6.3\lib\jmeter-plugins-cmn-jmeter-0.4.jar
2024-04-04 10:00:15,907 WARN o.j.r.PluginManager: Found JAR conflict: F:\D\apache-jmeter-5.6.3\apache-jmeter-5.6.3\lib\opentelemetry-api-1.34.1.jar and F:\D\apache-jmeter-5.6.3\apache-jmeter-5.6.3\lib\opentelemetry-api-1.31.0.jar
2024-04-04 10:00:15,907 WARN o.j.r.PluginManager: Found JAR conflict: F:\D\apache-jmeter-5.6.3\apache-jmeter-5.6.3\lib\opentelemetry-context-1.34.1.jar and F:\D\apache-jmeter-5.6.3\apache-jmeter-5.6.3\lib\opentelemetry-context-1.31.0.jar
2024-04-04 10:00:15,907 WARN o.j.r.PluginManager: Found JAR conflict: F:\D\apache-jmeter-5.6.3\apache-jmeter-5.6.3\lib\opentelemetry-sdk-1.34.1.jar and F:\D\apache-jmeter-5.6.3\apache-jmeter-5.6.3\lib\opentelemetry-sdk-1.31.0.jar
2024-04-04 10:00:15,907 WARN o.j.r.PluginManager: Found JAR conflict: F:\D\apache-jmeter-5.6.3\apache-jmeter-5.6.3\lib\opentelemetry-sdk-common-1.34.1.jar and F:\D\apache-jmeter-5.6.3\apache-jmeter-5.6.3\lib\opentelemetry-sdk-common-1.31.0.jar
2024-04-04 10:00:15,907 WARN o.j.r.PluginManager: Found JAR conflict: F:\D\apache-jmeter-5.6.3\apache-jmeter-5.6.3\lib\opentelemetry-sdk-extension-autoconfigure-1.34.1.jar and F:\D\apache-jmeter-5.6.3\apache-jmeter-5.6.3\lib\opentelemetry-sdk-extension-autoconfigure-1.31.0.jar
2024-04-04 10:00:15,907 WARN o.j.r.PluginManager: Found JAR conflict: F:\D\apache-jmeter-5.6.3\apache-jmeter-5.6.3\lib\opentelemetry-sdk-extension-autoconfigure-spi-1.34.1.jar and F:\D\apache-jmeter-5.6.3\apache-jmeter-5.6.3\lib\opentelemetry-sdk-extension-autoconfigure-spi-1.31.0.jar
2024-04-04 10:00:15,907 WARN o.j.r.PluginManager: Found JAR conflict: F:\D\apache-jmeter-5.6.3\apache-jmeter-5.6.3\lib\opentelemetry-sdk-logs-1.34.1.jar and F:\D\apache-jmeter-5.6.3\apache-jmeter-5.6.3\lib\opentelemetry-sdk-logs-1.31.0.jar
2024-04-04 10:00:15,907 WARN o.j.r.PluginManager: Found JAR conflict: F:\D\apache-jmeter-5.6.3\apache-jmeter-5.6.3\lib\opentelemetry-sdk-metrics-1.34.1.jar and F:\D\apache-jmeter-5.6.3\apache-jmeter-5.6.3\lib\opentelemetry-sdk-metrics-1.31.0.jar
2024-04-04 10:00:15,907 WARN o.j.r.PluginManager: Found JAR conflict: F:\D\apache-jmeter-5.6.3\apache-jmeter-5.6.3\lib\opentelemetry-sdk-trace-1.34.1.jar and F:\D\apache-jmeter-5.6.3\apache-jmeter-5.6.3\lib\opentelemetry-sdk-trace-1.31.0.jar
2024-04-04 10:00:15,907 WARN o.j.r.PluginManager: Found JAR conflict: F:\D\apache-jmeter-5.6.3\apache-jmeter-5.6.3\lib\selenium-api-4.17.0.jar and F:\D\apache-jmeter-5.6.3\apache-jmeter-5.6.3\lib\selenium-api-4.13.0.jar
2024-04-04 10:00:15,907 WARN o.j.r.PluginManager: Found JAR conflict: F:\D\apache-jmeter-5.6.3\apache-jmeter-5.6.3\lib\selenium-http-4.17.0.jar and F:\D\apache-jmeter-5.6.3\apache-jmeter-5.6.3\lib\selenium-http-4.13.0.jar
2024-04-04 10:00:15,907 WARN o.j.r.PluginManager: Found JAR conflict: F:\D\apache-jmeter-5.6.3\apache-jmeter-5.6.3\lib\selenium-os-4.17.0.jar and F:\D\apache-jmeter-5.6.3\apache-jmeter-5.6.3\lib\selenium-os-4.13.0.jar
2024-04-04 10:00:15,907 WARN o.j.r.PluginManager: Found JAR conflict: F:\D\apache-jmeter-5.6.3\apache-jmeter-5.6.3\lib\selenium-remote-driver-4.17.0.jar and F:\D\apache-jmeter-5.6.3\apache-jmeter-5.6.3\lib\selenium-remote-driver-4.13.0.jar
2024-04-04 10:00:15,907 WARN o.j.r.PluginManager: Found JAR conflict: F:\D\apache-jmeter-5.6.3\apache-jmeter-5.6.3\lib\ext\jmeter-plugins-manager-1.10.jar and F:\D\apache-jmeter-5.6.3\apache-jmeter-5.6.3\lib\ext\jmeter-plugins-manager-0.20.jar
2024-04-04 10:00:25,596 INFO c.b.j.c.c.t.LocalConfiguration: Installing default files
2024-04-04 10:00:25,720 INFO c.b.j.c.c.t.LocalConfiguration: bzm - Correlation Recorder Test Plan Template installed
2024-04-04 10:00:25,752 INFO c.b.j.c.c.t.LocalConfiguration: Siebel Correlation's Template installed
2024-04-04 10:00:25,769 INFO c.b.j.c.c.t.LocalConfiguration: correlation.properties file loaded
2024-04-04 10:00:26,217 INFO o.a.j.e.KeyToolUtils: keytool found at 'keytool'
2024-04-04 10:00:26,217 INFO o.a.j.p.h.p.ProxyControl: HTTP(S) Test Script Recorder SSL Proxy will use keys that support embedded 3rd party resources in file F:\D\apache-jmeter-5.6.3\apache-jmeter-5.6.3\bin\proxyserver.jks
2024-04-04 10:00:26,609 INFO o.a.j.p.h.s.HTTPSamplerBase: Parser for text/html is org.apache.jmeter.protocol.http.parser.LagartoBasedHtmlParser
2024-04-04 10:00:26,609 INFO o.a.j.p.h.s.HTTPSamplerBase: Parser for application/xhtml+xml is org.apache.jmeter.protocol.http.parser.LagartoBasedHtmlParser
2024-04-04 10:00:26,609 INFO o.a.j.p.h.s.HTTPSamplerBase: Parser for application/xml is org.apache.jmeter.protocol.http.parser.LagartoBasedHtmlParser
2024-04-04 10:00:26,609 INFO o.a.j.p.h.s.HTTPSamplerBase: Parser for text/xml is org.apache.jmeter.protocol.http.parser.LagartoBasedHtmlParser
2024-04-04 10:00:26,609 INFO o.a.j.p.h.s.HTTPSamplerBase: Parser for text/vnd.wap.wml is org.apache.jmeter.protocol.http.parser.RegexpHTMLParser
2024-04-04 10:00:26,609 INFO o.a.j.p.h.s.HTTPSamplerBase: Parser for text/css is org.apache.jmeter.protocol.http.parser.CssParser
2024-04-04 10:00:27,280 INFO o.a.j.s.SaveService: Testplan (JMX) version: 2.2. Testlog (JTL) version: 2.2
2024-04-04 10:00:27,345 INFO o.a.j.s.SaveService: Using SaveService properties version 5.0
2024-04-04 10:00:27,352 INFO o.a.j.s.SaveService: Using SaveService properties file encoding UTF-8
2024-04-04 10:00:27,362 WARN o.a.j.s.SaveService: Can't register a converter: com.blazemeter.jmeter.citrix.sampler.CitrixSampleResultConverter
java.lang.ClassNotFoundException: com.blazemeter.jmeter.citrix.sampler.CitrixSampleResultConverter
	at java.base/java.net.URLClassLoader.findClass(URLClassLoader.java:445) ~[?:?]
	at java.base/java.lang.ClassLoader.loadClass(ClassLoader.java:593) ~[?:?]
	at java.base/java.lang.ClassLoader.loadClass(ClassLoader.java:526) ~[?:?]
	at java.base/java.lang.Class.forName0(Native Method) ~[?:?]
	at java.base/java.lang.Class.forName(Class.java:421) ~[?:?]
	at java.base/java.lang.Class.forName(Class.java:412) ~[?:?]
	at org.apache.jmeter.save.SaveService.registerConverter(SaveService.java:280) ~[ApacheJMeter_core.jar:5.6.3]
	at org.apache.jmeter.save.SaveService.registerConverter(SaveService.java:256) ~[ApacheJMeter_core.jar:5.6.3]
	at org.apache.jmeter.save.SaveService.initProps(SaveService.java:242) ~[ApacheJMeter_core.jar:5.6.3]
	at org.apache.jmeter.save.SaveService.<clinit>(SaveService.java:161) ~[ApacheJMeter_core.jar:5.6.3]
	at java.base/jdk.internal.misc.Unsafe.ensureClassInitialized0(Native Method) ~[?:?]
	at java.base/jdk.internal.misc.Unsafe.ensureClassInitialized(Unsafe.java:1160) ~[?:?]
	at java.base/jdk.internal.reflect.MethodHandleAccessorFactory.ensureClassInitialized(MethodHandleAccessorFactory.java:300) ~[?:?]
	at java.base/jdk.internal.reflect.MethodHandleAccessorFactory.newFieldAccessor(MethodHandleAccessorFactory.java:140) ~[?:?]
	at java.base/jdk.internal.reflect.ReflectionFactory.newFieldAccessor(ReflectionFactory.java:145) ~[?:?]
	at java.base/java.lang.reflect.Field.acquireOverrideFieldAccessor(Field.java:1200) ~[?:?]
	at java.base/java.lang.reflect.Field.getOverrideFieldAccessor(Field.java:1169) ~[?:?]
	at java.base/java.lang.reflect.Field.get(Field.java:444) ~[?:?]
	at com.blazemeter.jmeter.http2.sampler.gui.HTTP2SamplerGui.<clinit>(HTTP2SamplerGui.java:26) ~[jmeter-bzm-http2-2.0.5.jar:?]
	at java.base/jdk.internal.misc.Unsafe.ensureClassInitialized0(Native Method) ~[?:?]
	at java.base/jdk.internal.misc.Unsafe.ensureClassInitialized(Unsafe.java:1160) ~[?:?]
	at java.base/jdk.internal.reflect.MethodHandleAccessorFactory.ensureClassInitialized(MethodHandleAccessorFactory.java:300) ~[?:?]
	at java.base/jdk.internal.reflect.MethodHandleAccessorFactory.newConstructorAccessor(MethodHandleAccessorFactory.java:103) ~[?:?]
	at java.base/jdk.internal.reflect.ReflectionFactory.newConstructorAccessor(ReflectionFactory.java:200) ~[?:?]
	at java.base/java.lang.reflect.Constructor.acquireConstructorAccessor(Constructor.java:549) ~[?:?]
	at java.base/java.lang.reflect.Constructor.newInstanceWithCaller(Constructor.java:499) ~[?:?]
	at java.base/java.lang.reflect.Constructor.newInstance(Constructor.java:486) ~[?:?]
	at org.apache.jmeter.gui.util.MenuFactory.getGUIComponent(MenuFactory.java:215) ~[ApacheJMeter_core.jar:5.6.3]
	at org.apache.jmeter.gui.util.MenuFactory.initializeMenus(MenuFactory.java:159) ~[ApacheJMeter_core.jar:5.6.3]
	at org.apache.jmeter.gui.util.MenuFactory.<clinit>(MenuFactory.java:108) ~[ApacheJMeter_core.jar:5.6.3]
	at org.apache.jmeter.control.gui.TestPlanGui.createPopupMenu(TestPlanGui.java:109) ~[ApacheJMeter_core.jar:5.6.3]
	at org.apache.jmeter.gui.tree.JMeterTreeNode.createPopupMenu(JMeterTreeNode.java:184) ~[ApacheJMeter_core.jar:5.6.3]
	at org.apache.jmeter.gui.action.EditCommand.doAction(EditCommand.java:49) ~[ApacheJMeter_core.jar:5.6.3]
	at org.apache.jmeter.gui.action.ActionRouter.performAction(ActionRouter.java:83) ~[ApacheJMeter_core.jar:5.6.3]
	at org.apache.jmeter.gui.action.ActionRouter.lambda$actionPerformed$0(ActionRouter.java:65) ~[ApacheJMeter_core.jar:5.6.3]
	at java.desktop/java.awt.event.InvocationEvent.dispatch(InvocationEvent.java:318) [?:?]
	at java.desktop/java.awt.EventQueue.dispatchEventImpl(EventQueue.java:773) [?:?]
	at java.desktop/java.awt.EventQueue$4.run(EventQueue.java:720) [?:?]
	at java.desktop/java.awt.EventQueue$4.run(EventQueue.java:714) [?:?]
	at java.base/java.security.AccessController.doPrivileged(AccessController.java:400) ~[?:?]
	at java.base/java.security.ProtectionDomain$JavaSecurityAccessImpl.doIntersectionPrivilege(ProtectionDomain.java:87) ~[?:?]
	at java.desktop/java.awt.EventQueue.dispatchEvent(EventQueue.java:742) ~[?:?]
	at java.desktop/java.awt.EventDispatchThread.pumpOneEventForFilters(EventDispatchThread.java:203) ~[?:?]
	at java.desktop/java.awt.EventDispatchThread.pumpEventsForFilter(EventDispatchThread.java:124) ~[?:?]
	at java.desktop/java.awt.EventDispatchThread.pumpEventsForFilter(EventDispatchThread.java:117) ~[?:?]
	at java.desktop/java.awt.WaitDispatchSupport$2.run(WaitDispatchSupport.java:191) ~[?:?]
	at java.desktop/java.awt.WaitDispatchSupport$4.run(WaitDispatchSupport.java:236) ~[?:?]
	at java.desktop/java.awt.WaitDispatchSupport$4.run(WaitDispatchSupport.java:234) ~[?:?]
	at java.base/java.security.AccessController.doPrivileged(AccessController.java:319) [?:?]
	at java.desktop/java.awt.WaitDispatchSupport.enter(WaitDispatchSupport.java:234) ~[?:?]
	at java.desktop/java.awt.Dialog.show(Dialog.java:1079) ~[?:?]
	at java.desktop/java.awt.Component.show(Component.java:1728) ~[?:?]
	at java.desktop/java.awt.Component.setVisible(Component.java:1675) ~[?:?]
	at java.desktop/java.awt.Window.setVisible(Window.java:1036) ~[?:?]
	at java.desktop/java.awt.Dialog.setVisible(Dialog.java:1015) ~[?:?]
	at org.apache.jmeter.SplashScreen.lambda$showScreen$0(SplashScreen.java:95) ~[ApacheJMeter_core.jar:5.6.3]
	at java.desktop/java.awt.event.InvocationEvent.dispatch(InvocationEvent.java:318) ~[?:?]
	at java.desktop/java.awt.EventQueue.dispatchEventImpl(EventQueue.java:773) ~[?:?]
	at java.desktop/java.awt.EventQueue$4.run(EventQueue.java:720) ~[?:?]
	at java.desktop/java.awt.EventQueue$4.run(EventQueue.java:714) ~[?:?]
	at java.base/java.security.AccessController.doPrivileged(AccessController.java:400) [?:?]
	at java.base/java.security.ProtectionDomain$JavaSecurityAccessImpl.doIntersectionPrivilege(ProtectionDomain.java:87) [?:?]
	at java.desktop/java.awt.EventQueue.dispatchEvent(EventQueue.java:742) [?:?]
	at java.desktop/java.awt.EventDispatchThread.pumpOneEventForFilters(EventDispatchThread.java:203) [?:?]
	at java.desktop/java.awt.EventDispatchThread.pumpEventsForFilter(EventDispatchThread.java:124) [?:?]
	at java.desktop/java.awt.EventDispatchThread.pumpEventsForHierarchy(EventDispatchThread.java:113) [?:?]
	at java.desktop/java.awt.EventDispatchThread.pumpEvents(EventDispatchThread.java:109) [?:?]
	at java.desktop/java.awt.EventDispatchThread.pumpEvents(EventDispatchThread.java:101) [?:?]
	at java.desktop/java.awt.EventDispatchThread.run(EventDispatchThread.java:90) [?:?]
2024-04-04 10:00:59,999 WARN o.j.r.PluginManagerMenuItem: Failed to load plugin updates info
java.net.ConnectException: Connection timed out: getsockopt
	at java.base/sun.nio.ch.Net.pollConnect(Native Method) ~[?:?]
	at java.base/sun.nio.ch.Net.pollConnectNow(Net.java:682) ~[?:?]
	at java.base/sun.nio.ch.NioSocketImpl.timedFinishConnect(NioSocketImpl.java:549) ~[?:?]
	at java.base/sun.nio.ch.NioSocketImpl.connect(NioSocketImpl.java:592) ~[?:?]
	at java.base/java.net.SocksSocketImpl.connect(SocksSocketImpl.java:327) ~[?:?]
	at java.base/java.net.Socket.connect(Socket.java:751) ~[?:?]
	at org.apache.http.conn.ssl.SSLSocketFactory.connectSocket(SSLSocketFactory.java:543) ~[httpclient-4.5.14.jar:4.5.14]
	at org.apache.http.conn.ssl.SSLSocketFactory.connectSocket(SSLSocketFactory.java:415) ~[httpclient-4.5.14.jar:4.5.14]
	at org.apache.http.impl.conn.DefaultClientConnectionOperator.openConnection(DefaultClientConnectionOperator.java:180) ~[httpclient-4.5.14.jar:4.5.14]
	at org.apache.http.impl.conn.ManagedClientConnectionImpl.open(ManagedClientConnectionImpl.java:326) ~[httpclient-4.5.14.jar:4.5.14]
	at org.apache.http.impl.client.DefaultRequestDirector.tryConnect(DefaultRequestDirector.java:605) ~[httpclient-4.5.14.jar:4.5.14]
	at org.apache.http.impl.client.DefaultRequestDirector.execute(DefaultRequestDirector.java:440) ~[httpclient-4.5.14.jar:4.5.14]
	at org.apache.http.impl.client.AbstractHttpClient.doExecute(AbstractHttpClient.java:835) ~[httpclient-4.5.14.jar:4.5.14]
	at org.apache.http.impl.client.CloseableHttpClient.execute(CloseableHttpClient.java:83) ~[httpclient-4.5.14.jar:4.5.14]
	at org.apache.http.impl.client.CloseableHttpClient.execute(CloseableHttpClient.java:56) ~[httpclient-4.5.14.jar:4.5.14]
	at org.jmeterplugins.repository.JARSourceHTTP.execute(JARSourceHTTP.java:378) ~[jmeter-plugins-manager-0.20.jar:?]
	at org.jmeterplugins.repository.JARSourceHTTP.execute(JARSourceHTTP.java:373) ~[jmeter-plugins-manager-0.20.jar:?]
	at org.jmeterplugins.repository.JARSourceHTTP.getJSON(JARSourceHTTP.java:121) ~[jmeter-plugins-manager-0.20.jar:?]
	at org.jmeterplugins.repository.JARSourceHTTP.getRepositories(JARSourceHTTP.java:172) ~[jmeter-plugins-manager-0.20.jar:?]
	at org.jmeterplugins.repository.JARSourceHTTP.getRepo(JARSourceHTTP.java:199) ~[jmeter-plugins-manager-0.20.jar:?]
	at org.jmeterplugins.repository.PluginManager.load(PluginManager.java:69) ~[jmeter-plugins-manager-0.20.jar:?]
	at org.jmeterplugins.repository.PluginManagerMenuItem$1.run(PluginManagerMenuItem.java:41) [jmeter-plugins-manager-0.20.jar:?]
2024-04-04 10:25:26,922 INFO o.a.j.s.FileServer: Default base='F:\D\apache-jmeter-5.6.3\apache-jmeter-5.6.3\bin'
2024-04-04 10:25:27,234 INFO o.a.j.g.a.Load: Loading file: F:\D\apache-jmeter-5.6.3\apache-jmeter-5.6.3\bin\JMeter_Jenkins.jmx
2024-04-04 10:25:27,234 INFO o.a.j.s.FileServer: Set new base='F:\D\apache-jmeter-5.6.3\apache-jmeter-5.6.3\bin'
2024-04-04 10:25:27,239 INFO o.a.j.s.SaveService: Loading file: F:\D\apache-jmeter-5.6.3\apache-jmeter-5.6.3\bin\JMeter_Jenkins.jmx
2024-04-04 10:25:27,982 INFO o.a.j.s.SampleResult: Note: Sample TimeStamps are START times
2024-04-04 10:25:27,982 INFO o.a.j.s.SampleResult: sampleresult.default.encoding is set to UTF-8
2024-04-04 10:25:27,982 INFO o.a.j.s.SampleResult: sampleresult.useNanoTime=true
2024-04-04 10:25:27,982 INFO o.a.j.s.SampleResult: sampleresult.nanoThreadSleep=5000
2024-04-04 10:25:28,050 INFO o.a.j.r.ClassFinder: Will scan jar F:\D\apache-jmeter-5.6.3\apache-jmeter-5.6.3\lib\ext\jmeter-plugins-manager-0.20.jar with filter ExtendsClassFilter [parents=[interface org.apache.jmeter.visualizers.ResultRenderer], inner=false, contains=null, notContains=null]. Consider exposing JMeter plugins via META-INF/services, and add JMeter-Skip-Class-Scanning=true manifest attribute so JMeter can skip classfile scanning
2024-04-04 10:25:28,050 INFO o.a.j.r.ClassFinder: Will scan jar F:\D\apache-jmeter-5.6.3\apache-jmeter-5.6.3\lib\ext\jmeter-bzm-correlation-recorder-2.3.jar with filter ExtendsClassFilter [parents=[interface org.apache.jmeter.visualizers.ResultRenderer], inner=false, contains=null, notContains=null]. Consider exposing JMeter plugins via META-INF/services, and add JMeter-Skip-Class-Scanning=true manifest attribute so JMeter can skip classfile scanning
2024-04-04 10:25:28,050 INFO o.a.j.r.ClassFinder: Will scan jar F:\D\apache-jmeter-5.6.3\apache-jmeter-5.6.3\lib\ext\jmeter-plugins-webdriver-4.13.0.0.jar with filter ExtendsClassFilter [parents=[interface org.apache.jmeter.visualizers.ResultRenderer], inner=false, contains=null, notContains=null]. Consider exposing JMeter plugins via META-INF/services, and add JMeter-Skip-Class-Scanning=true manifest attribute so JMeter can skip classfile scanning
2024-04-04 10:25:28,050 INFO o.a.j.r.ClassFinder: Will scan jar F:\D\apache-jmeter-5.6.3\apache-jmeter-5.6.3\lib\ext\jmeter-plugins-senseuploader-3.5.jar with filter ExtendsClassFilter [parents=[interface org.apache.jmeter.visualizers.ResultRenderer], inner=false, contains=null, notContains=null]. Consider exposing JMeter plugins via META-INF/services, and add JMeter-Skip-Class-Scanning=true manifest attribute so JMeter can skip classfile scanning
2024-04-04 10:25:28,050 INFO o.a.j.r.ClassFinder: Will scan jar F:\D\apache-jmeter-5.6.3\apache-jmeter-5.6.3\lib\ext\jmeter-plugins-random-csv-data-set-0.8.jar with filter ExtendsClassFilter [parents=[interface org.apache.jmeter.visualizers.ResultRenderer], inner=false, contains=null, notContains=null]. Consider exposing JMeter plugins via META-INF/services, and add JMeter-Skip-Class-Scanning=true manifest attribute so JMeter can skip classfile scanning
2024-04-04 10:25:28,050 INFO o.a.j.r.ClassFinder: Will scan jar F:\D\apache-jmeter-5.6.3\apache-jmeter-5.6.3\lib\ext\jmeter-bzm-http2-2.0.5.jar with filter ExtendsClassFilter [parents=[interface org.apache.jmeter.visualizers.ResultRenderer], inner=false, contains=null, notContains=null]. Consider exposing JMeter plugins via META-INF/services, and add JMeter-Skip-Class-Scanning=true manifest attribute so JMeter can skip classfile scanning
2024-04-04 10:25:28,057 INFO o.a.j.r.ClassFinder: Will scan jar F:\D\apache-jmeter-5.6.3\apache-jmeter-5.6.3\lib\ext\jmeter-plugins-casutg-2.10.jar with filter ExtendsClassFilter [parents=[interface org.apache.jmeter.visualizers.ResultRenderer], inner=false, contains=null, notContains=null]. Consider exposing JMeter plugins via META-INF/services, and add JMeter-Skip-Class-Scanning=true manifest attribute so JMeter can skip classfile scanning
2024-04-04 10:25:28,057 INFO o.a.j.r.ClassFinder: Will scan jar F:\D\apache-jmeter-5.6.3\apache-jmeter-5.6.3\lib\ext\jmeter-plugins-perfmon-2.1.jar with filter ExtendsClassFilter [parents=[interface org.apache.jmeter.visualizers.ResultRenderer], inner=false, contains=null, notContains=null]. Consider exposing JMeter plugins via META-INF/services, and add JMeter-Skip-Class-Scanning=true manifest attribute so JMeter can skip classfile scanning
2024-04-04 10:25:28,057 INFO o.a.j.r.ClassFinder: Will scan jar F:\D\apache-jmeter-5.6.3\apache-jmeter-5.6.3\lib\ext\jmeter-parallel-0.12.jar with filter ExtendsClassFilter [parents=[interface org.apache.jmeter.visualizers.ResultRenderer], inner=false, contains=null, notContains=null]. Consider exposing JMeter plugins via META-INF/services, and add JMeter-Skip-Class-Scanning=true manifest attribute so JMeter can skip classfile scanning
2024-04-04 10:25:28,057 INFO o.a.j.r.ClassFinder: Will scan jar F:\D\apache-jmeter-5.6.3\apache-jmeter-5.6.3\lib\ext\CustomSoapSampler-1.3.3.jar with filter ExtendsClassFilter [parents=[interface org.apache.jmeter.visualizers.ResultRenderer], inner=false, contains=null, notContains=null]. Consider exposing JMeter plugins via META-INF/services, and add JMeter-Skip-Class-Scanning=true manifest attribute so JMeter can skip classfile scanning
2024-04-04 10:25:28,061 INFO o.a.j.r.ClassFinder: Will scan jar F:\D\apache-jmeter-5.6.3\apache-jmeter-5.6.3\lib\ext\jmeter-plugins-manager-1.10.jar with filter ExtendsClassFilter [parents=[interface org.apache.jmeter.visualizers.ResultRenderer], inner=false, contains=null, notContains=null]. Consider exposing JMeter plugins via META-INF/services, and add JMeter-Skip-Class-Scanning=true manifest attribute so JMeter can skip classfile scanning
2024-04-04 10:25:28,062 INFO o.a.j.r.ClassFinder: Will scan jar F:\D\apache-jmeter-5.6.3\apache-jmeter-5.6.3\lib\ext\jmeter-plugins-functions-2.2.jar with filter ExtendsClassFilter [parents=[interface org.apache.jmeter.visualizers.ResultRenderer], inner=false, contains=null, notContains=null]. Consider exposing JMeter plugins via META-INF/services, and add JMeter-Skip-Class-Scanning=true manifest attribute so JMeter can skip classfile scanning
2024-04-04 10:25:28,062 INFO o.a.j.r.ClassFinder: Will scan jar F:\D\apache-jmeter-5.6.3\apache-jmeter-5.6.3\lib\ext\bzm-repositories-plugin-1.2.jar with filter ExtendsClassFilter [parents=[interface org.apache.jmeter.visualizers.ResultRenderer], inner=false, contains=null, notContains=null]. Consider exposing JMeter plugins via META-INF/services, and add JMeter-Skip-Class-Scanning=true manifest attribute so JMeter can skip classfile scanning
2024-04-04 10:25:28,074 INFO o.a.j.r.ClassFinder: Will scan jar F:\D\apache-jmeter-5.6.3\apache-jmeter-5.6.3\lib\ext\jmeter-plugins-manager-0.20.jar with filter ExtendsClassFilter [parents=[interface org.apache.jmeter.visualizers.RequestView], inner=false, contains=null, notContains=null]. Consider exposing JMeter plugins via META-INF/services, and add JMeter-Skip-Class-Scanning=true manifest attribute so JMeter can skip classfile scanning
2024-04-04 10:25:28,089 INFO o.a.j.r.ClassFinder: Will scan jar F:\D\apache-jmeter-5.6.3\apache-jmeter-5.6.3\lib\ext\jmeter-bzm-correlation-recorder-2.3.jar with filter ExtendsClassFilter [parents=[interface org.apache.jmeter.visualizers.RequestView], inner=false, contains=null, notContains=null]. Consider exposing JMeter plugins via META-INF/services, and add JMeter-Skip-Class-Scanning=true manifest attribute so JMeter can skip classfile scanning
2024-04-04 10:25:28,089 INFO o.a.j.r.ClassFinder: Will scan jar F:\D\apache-jmeter-5.6.3\apache-jmeter-5.6.3\lib\ext\jmeter-plugins-webdriver-4.13.0.0.jar with filter ExtendsClassFilter [parents=[interface org.apache.jmeter.visualizers.RequestView], inner=false, contains=null, notContains=null]. Consider exposing JMeter plugins via META-INF/services, and add JMeter-Skip-Class-Scanning=true manifest attribute so JMeter can skip classfile scanning
2024-04-04 10:25:28,089 INFO o.a.j.r.ClassFinder: Will scan jar F:\D\apache-jmeter-5.6.3\apache-jmeter-5.6.3\lib\ext\jmeter-plugins-senseuploader-3.5.jar with filter ExtendsClassFilter [parents=[interface org.apache.jmeter.visualizers.RequestView], inner=false, contains=null, notContains=null]. Consider exposing JMeter plugins via META-INF/services, and add JMeter-Skip-Class-Scanning=true manifest attribute so JMeter can skip classfile scanning
2024-04-04 10:25:28,089 INFO o.a.j.r.ClassFinder: Will scan jar F:\D\apache-jmeter-5.6.3\apache-jmeter-5.6.3\lib\ext\jmeter-plugins-random-csv-data-set-0.8.jar with filter ExtendsClassFilter [parents=[interface org.apache.jmeter.visualizers.RequestView], inner=false, contains=null, notContains=null]. Consider exposing JMeter plugins via META-INF/services, and add JMeter-Skip-Class-Scanning=true manifest attribute so JMeter can skip classfile scanning
2024-04-04 10:25:28,089 INFO o.a.j.r.ClassFinder: Will scan jar F:\D\apache-jmeter-5.6.3\apache-jmeter-5.6.3\lib\ext\jmeter-bzm-http2-2.0.5.jar with filter ExtendsClassFilter [parents=[interface org.apache.jmeter.visualizers.RequestView], inner=false, contains=null, notContains=null]. Consider exposing JMeter plugins via META-INF/services, and add JMeter-Skip-Class-Scanning=true manifest attribute so JMeter can skip classfile scanning
2024-04-04 10:25:28,089 INFO o.a.j.r.ClassFinder: Will scan jar F:\D\apache-jmeter-5.6.3\apache-jmeter-5.6.3\lib\ext\jmeter-plugins-casutg-2.10.jar with filter ExtendsClassFilter [parents=[interface org.apache.jmeter.visualizers.RequestView], inner=false, contains=null, notContains=null]. Consider exposing JMeter plugins via META-INF/services, and add JMeter-Skip-Class-Scanning=true manifest attribute so JMeter can skip classfile scanning
2024-04-04 10:25:28,089 INFO o.a.j.r.ClassFinder: Will scan jar F:\D\apache-jmeter-5.6.3\apache-jmeter-5.6.3\lib\ext\jmeter-plugins-perfmon-2.1.jar with filter ExtendsClassFilter [parents=[interface org.apache.jmeter.visualizers.RequestView], inner=false, contains=null, notContains=null]. Consider exposing JMeter plugins via META-INF/services, and add JMeter-Skip-Class-Scanning=true manifest attribute so JMeter can skip classfile scanning
2024-04-04 10:25:28,097 INFO o.a.j.r.ClassFinder: Will scan jar F:\D\apache-jmeter-5.6.3\apache-jmeter-5.6.3\lib\ext\jmeter-parallel-0.12.jar with filter ExtendsClassFilter [parents=[interface org.apache.jmeter.visualizers.RequestView], inner=false, contains=null, notContains=null]. Consider exposing JMeter plugins via META-INF/services, and add JMeter-Skip-Class-Scanning=true manifest attribute so JMeter can skip classfile scanning
2024-04-04 10:25:28,097 INFO o.a.j.r.ClassFinder: Will scan jar F:\D\apache-jmeter-5.6.3\apache-jmeter-5.6.3\lib\ext\CustomSoapSampler-1.3.3.jar with filter ExtendsClassFilter [parents=[interface org.apache.jmeter.visualizers.RequestView], inner=false, contains=null, notContains=null]. Consider exposing JMeter plugins via META-INF/services, and add JMeter-Skip-Class-Scanning=true manifest attribute so JMeter can skip classfile scanning
2024-04-04 10:25:28,098 INFO o.a.j.r.ClassFinder: Will scan jar F:\D\apache-jmeter-5.6.3\apache-jmeter-5.6.3\lib\ext\jmeter-plugins-manager-1.10.jar with filter ExtendsClassFilter [parents=[interface org.apache.jmeter.visualizers.RequestView], inner=false, contains=null, notContains=null]. Consider exposing JMeter plugins via META-INF/services, and add JMeter-Skip-Class-Scanning=true manifest attribute so JMeter can skip classfile scanning
2024-04-04 10:25:28,100 INFO o.a.j.r.ClassFinder: Will scan jar F:\D\apache-jmeter-5.6.3\apache-jmeter-5.6.3\lib\ext\jmeter-plugins-functions-2.2.jar with filter ExtendsClassFilter [parents=[interface org.apache.jmeter.visualizers.RequestView], inner=false, contains=null, notContains=null]. Consider exposing JMeter plugins via META-INF/services, and add JMeter-Skip-Class-Scanning=true manifest attribute so JMeter can skip classfile scanning
2024-04-04 10:25:28,101 INFO o.a.j.r.ClassFinder: Will scan jar F:\D\apache-jmeter-5.6.3\apache-jmeter-5.6.3\lib\ext\bzm-repositories-plugin-1.2.jar with filter ExtendsClassFilter [parents=[interface org.apache.jmeter.visualizers.RequestView], inner=false, contains=null, notContains=null]. Consider exposing JMeter plugins via META-INF/services, and add JMeter-Skip-Class-Scanning=true manifest attribute so JMeter can skip classfile scanning
2024-04-04 10:25:28,229 INFO o.a.j.s.FileServer: Set new base='F:\D\apache-jmeter-5.6.3\apache-jmeter-5.6.3\bin'
2024-04-04 10:25:53,253 INFO o.a.j.p.h.c.CookieManager: Settings: Delete null: true Check: true Allow variable: true Save: false Prefix: COOKIE_
2024-04-04 10:26:02,376 INFO o.a.j.p.h.c.CacheManager: Will only cache the following methods: [GET]
2024-04-04 10:29:23,320 INFO o.a.j.e.StandardJMeterEngine: Running the test!
2024-04-04 10:29:23,320 INFO o.a.j.s.SampleEvent: List of sample_variables: []
2024-04-04 10:29:23,320 INFO o.a.j.s.SampleEvent: List of sample_variables: []
2024-04-04 10:29:23,327 INFO o.a.j.e.u.CompoundVariable: Note: Function class names must contain the string: '.functions.'
2024-04-04 10:29:23,327 INFO o.a.j.e.u.CompoundVariable: Note: Function class names must not contain the string: '.gui.'
2024-04-04 10:29:23,360 INFO o.a.j.r.ClassFinder: Will scan jar F:\D\apache-jmeter-5.6.3\apache-jmeter-5.6.3\lib\ext\jmeter-plugins-manager-0.20.jar with filter ExtendsClassFilter [parents=[interface org.apache.jmeter.functions.Function], inner=false, contains=null, notContains=null]. Consider exposing JMeter plugins via META-INF/services, and add JMeter-Skip-Class-Scanning=true manifest attribute so JMeter can skip classfile scanning
2024-04-04 10:29:23,363 INFO o.a.j.r.ClassFinder: Will scan jar F:\D\apache-jmeter-5.6.3\apache-jmeter-5.6.3\lib\ext\jmeter-bzm-correlation-recorder-2.3.jar with filter ExtendsClassFilter [parents=[interface org.apache.jmeter.functions.Function], inner=false, contains=null, notContains=null]. Consider exposing JMeter plugins via META-INF/services, and add JMeter-Skip-Class-Scanning=true manifest attribute so JMeter can skip classfile scanning
2024-04-04 10:29:23,363 INFO o.a.j.r.ClassFinder: Will scan jar F:\D\apache-jmeter-5.6.3\apache-jmeter-5.6.3\lib\ext\jmeter-plugins-webdriver-4.13.0.0.jar with filter ExtendsClassFilter [parents=[interface org.apache.jmeter.functions.Function], inner=false, contains=null, notContains=null]. Consider exposing JMeter plugins via META-INF/services, and add JMeter-Skip-Class-Scanning=true manifest attribute so JMeter can skip classfile scanning
2024-04-04 10:29:23,363 INFO o.a.j.r.ClassFinder: Will scan jar F:\D\apache-jmeter-5.6.3\apache-jmeter-5.6.3\lib\ext\jmeter-plugins-senseuploader-3.5.jar with filter ExtendsClassFilter [parents=[interface org.apache.jmeter.functions.Function], inner=false, contains=null, notContains=null]. Consider exposing JMeter plugins via META-INF/services, and add JMeter-Skip-Class-Scanning=true manifest attribute so JMeter can skip classfile scanning
2024-04-04 10:29:23,367 INFO o.a.j.r.ClassFinder: Will scan jar F:\D\apache-jmeter-5.6.3\apache-jmeter-5.6.3\lib\ext\jmeter-plugins-random-csv-data-set-0.8.jar with filter ExtendsClassFilter [parents=[interface org.apache.jmeter.functions.Function], inner=false, contains=null, notContains=null]. Consider exposing JMeter plugins via META-INF/services, and add JMeter-Skip-Class-Scanning=true manifest attribute so JMeter can skip classfile scanning
2024-04-04 10:29:23,367 INFO o.a.j.r.ClassFinder: Will scan jar F:\D\apache-jmeter-5.6.3\apache-jmeter-5.6.3\lib\ext\jmeter-bzm-http2-2.0.5.jar with filter ExtendsClassFilter [parents=[interface org.apache.jmeter.functions.Function], inner=false, contains=null, notContains=null]. Consider exposing JMeter plugins via META-INF/services, and add JMeter-Skip-Class-Scanning=true manifest attribute so JMeter can skip classfile scanning
2024-04-04 10:29:23,367 INFO o.a.j.r.ClassFinder: Will scan jar F:\D\apache-jmeter-5.6.3\apache-jmeter-5.6.3\lib\ext\jmeter-plugins-casutg-2.10.jar with filter ExtendsClassFilter [parents=[interface org.apache.jmeter.functions.Function], inner=false, contains=null, notContains=null]. Consider exposing JMeter plugins via META-INF/services, and add JMeter-Skip-Class-Scanning=true manifest attribute so JMeter can skip classfile scanning
2024-04-04 10:29:23,367 INFO o.a.j.r.ClassFinder: Will scan jar F:\D\apache-jmeter-5.6.3\apache-jmeter-5.6.3\lib\ext\jmeter-plugins-perfmon-2.1.jar with filter ExtendsClassFilter [parents=[interface org.apache.jmeter.functions.Function], inner=false, contains=null, notContains=null]. Consider exposing JMeter plugins via META-INF/services, and add JMeter-Skip-Class-Scanning=true manifest attribute so JMeter can skip classfile scanning
2024-04-04 10:29:23,367 INFO o.a.j.r.ClassFinder: Will scan jar F:\D\apache-jmeter-5.6.3\apache-jmeter-5.6.3\lib\ext\jmeter-parallel-0.12.jar with filter ExtendsClassFilter [parents=[interface org.apache.jmeter.functions.Function], inner=false, contains=null, notContains=null]. Consider exposing JMeter plugins via META-INF/services, and add JMeter-Skip-Class-Scanning=true manifest attribute so JMeter can skip classfile scanning
2024-04-04 10:29:23,367 INFO o.a.j.r.ClassFinder: Will scan jar F:\D\apache-jmeter-5.6.3\apache-jmeter-5.6.3\lib\ext\CustomSoapSampler-1.3.3.jar with filter ExtendsClassFilter [parents=[interface org.apache.jmeter.functions.Function], inner=false, contains=null, notContains=null]. Consider exposing JMeter plugins via META-INF/services, and add JMeter-Skip-Class-Scanning=true manifest attribute so JMeter can skip classfile scanning
2024-04-04 10:29:23,367 INFO o.a.j.r.ClassFinder: Will scan jar F:\D\apache-jmeter-5.6.3\apache-jmeter-5.6.3\lib\ext\jmeter-plugins-manager-1.10.jar with filter ExtendsClassFilter [parents=[interface org.apache.jmeter.functions.Function], inner=false, contains=null, notContains=null]. Consider exposing JMeter plugins via META-INF/services, and add JMeter-Skip-Class-Scanning=true manifest attribute so JMeter can skip classfile scanning
2024-04-04 10:29:23,370 INFO o.a.j.r.ClassFinder: Will scan jar F:\D\apache-jmeter-5.6.3\apache-jmeter-5.6.3\lib\ext\jmeter-plugins-functions-2.2.jar with filter ExtendsClassFilter [parents=[interface org.apache.jmeter.functions.Function], inner=false, contains=null, notContains=null]. Consider exposing JMeter plugins via META-INF/services, and add JMeter-Skip-Class-Scanning=true manifest attribute so JMeter can skip classfile scanning
2024-04-04 10:29:23,370 INFO o.a.j.r.ClassFinder: Will scan jar F:\D\apache-jmeter-5.6.3\apache-jmeter-5.6.3\lib\ext\bzm-repositories-plugin-1.2.jar with filter ExtendsClassFilter [parents=[interface org.apache.jmeter.functions.Function], inner=false, contains=null, notContains=null]. Consider exposing JMeter plugins via META-INF/services, and add JMeter-Skip-Class-Scanning=true manifest attribute so JMeter can skip classfile scanning
2024-04-04 10:29:23,374 INFO o.a.j.g.u.JMeterMenuBar: setRunning(true, *local*)
2024-04-04 10:29:23,440 INFO o.a.j.e.StandardJMeterEngine: Starting ThreadGroup: 1 : Thread Group
2024-04-04 10:29:23,440 INFO o.a.j.e.StandardJMeterEngine: Starting 1 threads for group Thread Group.
2024-04-04 10:29:23,440 INFO o.a.j.e.StandardJMeterEngine: Thread will continue on error
2024-04-04 10:29:23,440 INFO o.a.j.t.ThreadGroup: Starting thread group... number=1 threads=1 ramp-up=1 delayedStart=false
2024-04-04 10:29:23,451 INFO o.a.j.t.ThreadGroup: Started thread group number 1
2024-04-04 10:29:23,451 INFO o.a.j.e.StandardJMeterEngine: All thread groups have been started
2024-04-04 10:29:23,454 INFO o.a.j.t.JMeterThread: Thread started: Thread Group 1-1
2024-04-04 10:29:23,461 ERROR o.a.j.t.JMeterThread: Test failed!
java.lang.IllegalArgumentException: Filename must not be null or empty
	at org.apache.jmeter.services.FileServer.reserveFile(FileServer.java:256) ~[ApacheJMeter_core.jar:5.6.3]
	at org.apache.jmeter.config.CSVDataSet.initVars(CSVDataSet.java:208) ~[ApacheJMeter_components.jar:5.6.3]
	at org.apache.jmeter.config.CSVDataSet.iterationStart(CSVDataSet.java:171) ~[ApacheJMeter_components.jar:5.6.3]
	at org.apache.jmeter.control.GenericController.fireIterationStart(GenericController.java:412) ~[ApacheJMeter_core.jar:5.6.3]
	at org.apache.jmeter.control.GenericController.fireIterEvents(GenericController.java:404) ~[ApacheJMeter_core.jar:5.6.3]
	at org.apache.jmeter.control.GenericController.next(GenericController.java:170) ~[ApacheJMeter_core.jar:5.6.3]
	at org.apache.jmeter.control.LoopController.next(LoopController.java:119) ~[ApacheJMeter_core.jar:5.6.3]
	at org.apache.jmeter.threads.AbstractThreadGroup.next(AbstractThreadGroup.java:109) ~[ApacheJMeter_core.jar:5.6.3]
	at org.apache.jmeter.threads.JMeterThread.run(JMeterThread.java:266) ~[ApacheJMeter_core.jar:5.6.3]
	at java.base/java.lang.Thread.run(Thread.java:1583) [?:?]
2024-04-04 10:29:23,461 INFO o.a.j.t.JMeterThread: Thread finished: Thread Group 1-1
2024-04-04 10:29:23,461 INFO o.a.j.e.StandardJMeterEngine: Notifying test listeners of end of test
2024-04-04 10:29:23,461 INFO o.a.j.g.u.JMeterMenuBar: setRunning(false, *local*)
2024-04-04 10:29:27,623 INFO o.a.j.e.StandardJMeterEngine: Running the test!
2024-04-04 10:29:27,624 INFO o.a.j.s.SampleEvent: List of sample_variables: []
2024-04-04 10:29:27,624 INFO o.a.j.g.u.JMeterMenuBar: setRunning(true, *local*)
2024-04-04 10:29:27,675 INFO o.a.j.e.StandardJMeterEngine: Starting ThreadGroup: 1 : Thread Group
2024-04-04 10:29:27,675 INFO o.a.j.e.StandardJMeterEngine: Starting 1 threads for group Thread Group.
2024-04-04 10:29:27,675 INFO o.a.j.e.StandardJMeterEngine: Thread will continue on error
2024-04-04 10:29:27,675 INFO o.a.j.t.ThreadGroup: Starting thread group... number=1 threads=1 ramp-up=1 delayedStart=false
2024-04-04 10:29:27,675 INFO o.a.j.t.ThreadGroup: Started thread group number 1
2024-04-04 10:29:27,675 INFO o.a.j.e.StandardJMeterEngine: All thread groups have been started
2024-04-04 10:29:27,691 INFO o.a.j.t.JMeterThread: Thread started: Thread Group 1-1
2024-04-04 10:29:27,702 INFO o.a.j.p.h.s.HTTPHCAbstractImpl: Local host = DESKTOP-6LVC8MF
2024-04-04 10:29:27,711 INFO o.a.j.p.h.s.HTTPHC4Impl: HTTP request retry count = 0
2024-04-04 10:29:27,771 INFO o.a.j.p.h.s.h.LazyLayeredConnectionSocketFactory: Setting up HTTPS TrustAll Socket Factory
2024-04-04 10:29:27,771 INFO o.a.j.u.JsseSSLManager: Using default SSL protocol: TLS
2024-04-04 10:29:27,771 INFO o.a.j.u.JsseSSLManager: SSL session context: per-thread
2024-04-04 10:29:28,230 INFO o.a.j.u.SSLManager: JmeterKeyStore Location:  type JKS
2024-04-04 10:29:28,230 INFO o.a.j.u.SSLManager: KeyStore created OK
2024-04-04 10:29:28,236 WARN o.a.j.u.SSLManager: Keystore file not found, loading empty keystore
2024-04-04 10:29:32,220 INFO o.a.j.t.JMeterThread: Thread is done: Thread Group 1-1
2024-04-04 10:29:32,220 INFO o.a.j.t.JMeterThread: Thread finished: Thread Group 1-1
2024-04-04 10:29:32,229 INFO o.a.j.e.StandardJMeterEngine: Notifying test listeners of end of test
2024-04-04 10:29:32,229 INFO o.a.j.g.u.JMeterMenuBar: setRunning(false, *local*)
2024-04-04 10:32:04,172 INFO o.a.j.r.ClassFinder: Will scan jar F:\D\apache-jmeter-5.6.3\apache-jmeter-5.6.3\lib\ext\jmeter-plugins-manager-0.20.jar with filter ExtendsClassFilter [parents=[interface org.apache.jmeter.visualizers.RequestView], inner=false, contains=null, notContains=null]. Consider exposing JMeter plugins via META-INF/services, and add JMeter-Skip-Class-Scanning=true manifest attribute so JMeter can skip classfile scanning
2024-04-04 10:32:04,173 INFO o.a.j.r.ClassFinder: Will scan jar F:\D\apache-jmeter-5.6.3\apache-jmeter-5.6.3\lib\ext\jmeter-bzm-correlation-recorder-2.3.jar with filter ExtendsClassFilter [parents=[interface org.apache.jmeter.visualizers.RequestView], inner=false, contains=null, notContains=null]. Consider exposing JMeter plugins via META-INF/services, and add JMeter-Skip-Class-Scanning=true manifest attribute so JMeter can skip classfile scanning
2024-04-04 10:32:04,176 INFO o.a.j.r.ClassFinder: Will scan jar F:\D\apache-jmeter-5.6.3\apache-jmeter-5.6.3\lib\ext\jmeter-plugins-webdriver-4.13.0.0.jar with filter ExtendsClassFilter [parents=[interface org.apache.jmeter.visualizers.RequestView], inner=false, contains=null, notContains=null]. Consider exposing JMeter plugins via META-INF/services, and add JMeter-Skip-Class-Scanning=true manifest attribute so JMeter can skip classfile scanning
2024-04-04 10:32:04,176 INFO o.a.j.r.ClassFinder: Will scan jar F:\D\apache-jmeter-5.6.3\apache-jmeter-5.6.3\lib\ext\jmeter-plugins-senseuploader-3.5.jar with filter ExtendsClassFilter [parents=[interface org.apache.jmeter.visualizers.RequestView], inner=false, contains=null, notContains=null]. Consider exposing JMeter plugins via META-INF/services, and add JMeter-Skip-Class-Scanning=true manifest attribute so JMeter can skip classfile scanning
2024-04-04 10:32:04,180 INFO o.a.j.r.ClassFinder: Will scan jar F:\D\apache-jmeter-5.6.3\apache-jmeter-5.6.3\lib\ext\jmeter-plugins-random-csv-data-set-0.8.jar with filter ExtendsClassFilter [parents=[interface org.apache.jmeter.visualizers.RequestView], inner=false, contains=null, notContains=null]. Consider exposing JMeter plugins via META-INF/services, and add JMeter-Skip-Class-Scanning=true manifest attribute so JMeter can skip classfile scanning
2024-04-04 10:32:04,180 INFO o.a.j.r.ClassFinder: Will scan jar F:\D\apache-jmeter-5.6.3\apache-jmeter-5.6.3\lib\ext\jmeter-bzm-http2-2.0.5.jar with filter ExtendsClassFilter [parents=[interface org.apache.jmeter.visualizers.RequestView], inner=false, contains=null, notContains=null]. Consider exposing JMeter plugins via META-INF/services, and add JMeter-Skip-Class-Scanning=true manifest attribute so JMeter can skip classfile scanning
2024-04-04 10:32:04,180 INFO o.a.j.r.ClassFinder: Will scan jar F:\D\apache-jmeter-5.6.3\apache-jmeter-5.6.3\lib\ext\jmeter-plugins-casutg-2.10.jar with filter ExtendsClassFilter [parents=[interface org.apache.jmeter.visualizers.RequestView], inner=false, contains=null, notContains=null]. Consider exposing JMeter plugins via META-INF/services, and add JMeter-Skip-Class-Scanning=true manifest attribute so JMeter can skip classfile scanning
2024-04-04 10:32:04,180 INFO o.a.j.r.ClassFinder: Will scan jar F:\D\apache-jmeter-5.6.3\apache-jmeter-5.6.3\lib\ext\jmeter-plugins-perfmon-2.1.jar with filter ExtendsClassFilter [parents=[interface org.apache.jmeter.visualizers.RequestView], inner=false, contains=null, notContains=null]. Consider exposing JMeter plugins via META-INF/services, and add JMeter-Skip-Class-Scanning=true manifest attribute so JMeter can skip classfile scanning
2024-04-04 10:32:04,180 INFO o.a.j.r.ClassFinder: Will scan jar F:\D\apache-jmeter-5.6.3\apache-jmeter-5.6.3\lib\ext\jmeter-parallel-0.12.jar with filter ExtendsClassFilter [parents=[interface org.apache.jmeter.visualizers.RequestView], inner=false, contains=null, notContains=null]. Consider exposing JMeter plugins via META-INF/services, and add JMeter-Skip-Class-Scanning=true manifest attribute so JMeter can skip classfile scanning
2024-04-04 10:32:04,180 INFO o.a.j.r.ClassFinder: Will scan jar F:\D\apache-jmeter-5.6.3\apache-jmeter-5.6.3\lib\ext\CustomSoapSampler-1.3.3.jar with filter ExtendsClassFilter [parents=[interface org.apache.jmeter.visualizers.RequestView], inner=false, contains=null, notContains=null]. Consider exposing JMeter plugins via META-INF/services, and add JMeter-Skip-Class-Scanning=true manifest attribute so JMeter can skip classfile scanning
2024-04-04 10:32:04,180 INFO o.a.j.r.ClassFinder: Will scan jar F:\D\apache-jmeter-5.6.3\apache-jmeter-5.6.3\lib\ext\jmeter-plugins-manager-1.10.jar with filter ExtendsClassFilter [parents=[interface org.apache.jmeter.visualizers.RequestView], inner=false, contains=null, notContains=null]. Consider exposing JMeter plugins via META-INF/services, and add JMeter-Skip-Class-Scanning=true manifest attribute so JMeter can skip classfile scanning
2024-04-04 10:32:04,180 INFO o.a.j.r.ClassFinder: Will scan jar F:\D\apache-jmeter-5.6.3\apache-jmeter-5.6.3\lib\ext\jmeter-plugins-functions-2.2.jar with filter ExtendsClassFilter [parents=[interface org.apache.jmeter.visualizers.RequestView], inner=false, contains=null, notContains=null]. Consider exposing JMeter plugins via META-INF/services, and add JMeter-Skip-Class-Scanning=true manifest attribute so JMeter can skip classfile scanning
2024-04-04 10:32:04,180 INFO o.a.j.r.ClassFinder: Will scan jar F:\D\apache-jmeter-5.6.3\apache-jmeter-5.6.3\lib\ext\bzm-repositories-plugin-1.2.jar with filter ExtendsClassFilter [parents=[interface org.apache.jmeter.visualizers.RequestView], inner=false, contains=null, notContains=null]. Consider exposing JMeter plugins via META-INF/services, and add JMeter-Skip-Class-Scanning=true manifest attribute so JMeter can skip classfile scanning
2024-04-04 10:35:16,100 INFO o.a.j.e.StandardJMeterEngine: Running the test!
2024-04-04 10:35:16,100 INFO o.a.j.s.SampleEvent: List of sample_variables: []
2024-04-04 10:35:16,119 INFO o.a.j.g.u.JMeterMenuBar: setRunning(true, *local*)
2024-04-04 10:35:16,219 INFO o.a.j.e.StandardJMeterEngine: Starting ThreadGroup: 1 : Thread Group
2024-04-04 10:35:16,219 INFO o.a.j.e.StandardJMeterEngine: Starting 1 threads for group Thread Group.
2024-04-04 10:35:16,219 INFO o.a.j.e.StandardJMeterEngine: Thread will continue on error
2024-04-04 10:35:16,219 INFO o.a.j.t.ThreadGroup: Starting thread group... number=1 threads=1 ramp-up=1 delayedStart=false
2024-04-04 10:35:16,223 INFO o.a.j.t.ThreadGroup: Started thread group number 1
2024-04-04 10:35:16,223 INFO o.a.j.e.StandardJMeterEngine: All thread groups have been started
2024-04-04 10:35:16,225 INFO o.a.j.t.JMeterThread: Thread started: Thread Group 1-1
2024-04-04 10:35:16,225 INFO o.a.j.s.FileServer: Stored: LoginData.csv
2024-04-04 10:35:21,264 INFO o.a.j.t.JMeterThread: Thread is done: Thread Group 1-1
2024-04-04 10:35:21,264 INFO o.a.j.t.JMeterThread: Thread finished: Thread Group 1-1
2024-04-04 10:35:21,264 INFO o.a.j.e.StandardJMeterEngine: Notifying test listeners of end of test
2024-04-04 10:35:21,264 INFO o.a.j.s.FileServer: Close: LoginData.csv
2024-04-04 10:35:21,276 INFO o.a.j.g.u.JMeterMenuBar: setRunning(false, *local*)
